c:\users\maomao\source\repos\sdlplayer\sdlplayer\debug\sdlplayer.pch
c:\users\maomao\source\repos\sdlplayer\sdlplayer\debug\vc141.pdb
c:\users\maomao\source\repos\sdlplayer\sdlplayer\debug\vc141.idb
c:\users\maomao\source\repos\sdlplayer\sdlplayer\debug\pch.obj
c:\users\maomao\source\repos\sdlplayer\sdlplayer\debug\sdlplayer.obj
c:\users\maomao\source\repos\sdlplayer\sdlplayer\debug\sdlplayer.res
c:\users\maomao\source\repos\sdlplayer\debug\sdlplayer.pdb
c:\users\maomao\source\repos\sdlplayer\sdlplayer\debug\sdlplayer.tlog\cl.command.1.tlog
c:\users\maomao\source\repos\sdlplayer\sdlplayer\debug\sdlplayer.tlog\cl.read.1.tlog
c:\users\maomao\source\repos\sdlplayer\sdlplayer\debug\sdlplayer.tlog\cl.write.1.tlog
c:\users\maomao\source\repos\sdlplayer\sdlplayer\debug\sdlplayer.tlog\link.11772-cvtres.read.1.tlog
c:\users\maomao\source\repos\sdlplayer\sdlplayer\debug\sdlplayer.tlog\link.11772-cvtres.write.1.tlog
c:\users\maomao\source\repos\sdlplayer\sdlplayer\debug\sdlplayer.tlog\link.11772-rc.read.1.tlog
c:\users\maomao\source\repos\sdlplayer\sdlplayer\debug\sdlplayer.tlog\link.11772-rc.write.1.tlog
c:\users\maomao\source\repos\sdlplayer\sdlplayer\debug\sdlplayer.tlog\link.11772.read.1.tlog
c:\users\maomao\source\repos\sdlplayer\sdlplayer\debug\sdlplayer.tlog\link.11772.write.1.tlog
c:\users\maomao\source\repos\sdlplayer\sdlplayer\debug\sdlplayer.tlog\link.command.1.tlog
c:\users\maomao\source\repos\sdlplayer\sdlplayer\debug\sdlplayer.tlog\link.read.1.tlog
c:\users\maomao\source\repos\sdlplayer\sdlplayer\debug\sdlplayer.tlog\link.write.1.tlog
c:\users\maomao\source\repos\sdlplayer\sdlplayer\debug\sdlplayer.tlog\rc.command.1.tlog
c:\users\maomao\source\repos\sdlplayer\sdlplayer\debug\sdlplayer.tlog\rc.read.1.tlog
c:\users\maomao\source\repos\sdlplayer\sdlplayer\debug\sdlplayer.tlog\rc.write.1.tlog
